SF:lib\core\network\network_info_impl.dart
DA:7,1
DA:11,1
DA:12,2
LF:3
LH:3
end_of_record
SF:lib\core\error\exceptions.dart
DA:4,16
DA:11,15
DA:13,0
DA:21,14
DA:30,15
DA:37,14
DA:41,14
LF:7
LH:6
end_of_record
SF:lib\features\cataas\data\datasources\implementations\cat_local_datasource_impl.dart
DA:7,1
DA:10,1
DA:13,3
LF:3
LH:3
end_of_record
SF:lib\core\error\failures.dart
DA:6,18
DA:12,2
DA:16,0
DA:20,1
DA:21,2
DA:26,2
DA:30,0
DA:34,1
DA:35,2
DA:39,15
DA:41,0
DA:45,0
DA:46,0
DA:51,3
DA:55,0
DA:59,1
DA:60,2
DA:65,2
DA:69,0
DA:73,1
DA:74,2
DA:79,0
DA:83,0
DA:87,0
DA:88,0
DA:92,0
DA:94,0
DA:98,0
DA:99,0
DA:103,2
DA:105,0
DA:109,0
DA:110,0
LF:33
LH:15
end_of_record
SF:lib\features\cataas\data\models\cat_model.dart
DA:7,3
DA:18,2
DA:24,2
DA:26,2
DA:27,2
DA:28,4
DA:29,2
DA:30,2
DA:31,2
DA:32,2
DA:33,2
DA:34,2
DA:44,2
DA:51,2
DA:52,2
DA:53,4
DA:54,2
DA:55,2
DA:56,6
LF:19
LH:19
end_of_record
SF:lib\features\cataas\domain\entities\cat.dart
DA:12,8
DA:23,1
DA:24,1
DA:25,1
DA:26,1
DA:27,1
DA:28,1
DA:29,1
DA:30,1
DA:31,1
DA:32,1
LF:11
LH:11
end_of_record
SF:lib\features\cataas\domain\usecases\get_cat_by_id_usecase_impl.dart
DA:11,1
DA:13,1
DA:15,2
LF:3
LH:3
end_of_record
SF:lib\features\cataas\domain\usecases\get_cat_by_tag_usecase_impl.dart
DA:11,1
DA:13,1
DA:15,2
LF:3
LH:3
end_of_record
SF:lib\features\cataas\domain\usecases\get_random_cat_usecase_impl.dart
DA:11,1
DA:13,1
DA:15,2
LF:3
LH:3
end_of_record
SF:lib\features\cataas\domain\usecases\save_cat_locally_usecase_impl.dart
DA:10,1
DA:12,1
DA:14,2
LF:3
LH:3
end_of_record
SF:lib\features\cataas\presentation\atomic\atoms\cat_toast_atom\cat_toast_atom.dart
DA:7,16
DA:12,2
DA:14,0
DA:16,0
DA:21,0
DA:22,0
DA:23,0
DA:25,0
DA:27,0
DA:28,0
DA:32,0
DA:33,0
DA:34,0
LF:13
LH:2
end_of_record
SF:lib\features\cataas\presentation\usecases\i_get_cat_by_id_or_tag_usecase.dart
DA:14,15
LF:1
LH:1
end_of_record
SF:lib\features\cataas\presentation\usecases\i_get_cat_by_id_usecase.dart
DA:14,14
LF:1
LH:1
end_of_record
SF:lib\features\cataas\presentation\usecases\i_get_cat_by_tag_usecase.dart
DA:14,14
LF:1
LH:1
end_of_record
SF:lib\features\cataas\presentation\usecases\i_get_random_cat_usecase.dart
DA:13,15
LF:1
LH:1
end_of_record
SF:lib\features\cataas\presentation\usecases\i_save_cat_locally_usecase.dart
DA:9,15
LF:1
LH:1
end_of_record
SF:lib\features\cataas\presentation\usecases\i_share_cat_usecase.dart
DA:8,15
LF:1
LH:1
end_of_record
SF:lib\features\cataas\data\api_endpoints.dart
DA:2,2
DA:4,1
DA:6,4
DA:8,4
DA:10,4
DA:12,4
LF:6
LH:6
end_of_record
SF:lib\features\cataas\data\datasources\implementations\cat_remote_datasource_impl.dart
DA:19,1
DA:25,1
DA:27,1
DA:28,2
DA:29,1
DA:30,1
DA:31,1
DA:32,1
DA:37,1
DA:39,1
DA:40,2
DA:41,1
DA:42,1
DA:43,1
DA:44,1
DA:49,1
DA:51,1
DA:52,1
DA:53,1
DA:54,1
DA:55,1
DA:56,1
DA:61,1
DA:63,1
DA:64,2
DA:65,1
DA:66,1
DA:67,1
DA:68,1
DA:73,1
DA:78,1
DA:79,2
DA:80,3
DA:82,2
DA:83,1
DA:84,2
DA:87,2
DA:88,1
DA:89,2
DA:93,2
DA:98,1
DA:99,1
DA:100,1
DA:101,1
DA:102,1
DA:107,0
DA:109,1
DA:110,2
DA:111,1
DA:114,1
DA:115,2
DA:117,1
DA:118,1
DA:126,1
DA:129,3
DA:142,1
LF:56
LH:55
end_of_record
SF:lib\core\extensions\fpdart_extensions.dart
DA:4,2
DA:5,0
DA:9,0
DA:10,0
LF:4
LH:1
end_of_record
SF:lib\features\cataas\domain\usecases\get_cat_by_id_or_tag_usecase_impl.dart
DA:11,1
DA:13,1
DA:15,2
LF:3
LH:3
end_of_record
SF:lib\features\cataas\data\repositories\cat_repository_impl.dart
DA:22,1
DA:30,1
DA:34,4
DA:37,1
DA:41,4
DA:44,1
DA:48,4
DA:51,1
DA:55,4
DA:58,1
DA:63,2
DA:65,1
DA:66,1
DA:67,2
DA:71,1
DA:74,2
DA:79,1
DA:81,1
DA:82,1
DA:83,2
DA:84,1
DA:85,2
DA:86,1
DA:87,2
DA:93,1
DA:96,2
DA:98,1
DA:99,1
LF:28
LH:28
end_of_record
SF:lib\features\cataas\domain\usecases\share_cat_usecase_impl.dart
DA:10,1
DA:12,1
DA:14,2
LF:3
LH:3
end_of_record
SF:lib\features\cataas\presentation\atomic\atoms\app_bar_icon_atom\app_bar_beer_icon_atom.dart
DA:9,1
DA:12,1
DA:17,1
DA:18,2
LF:4
LH:4
end_of_record
SF:lib\features\cataas\presentation\utils\app_strings.dart
DA:2,0
DA:4,0
DA:6,0
DA:8,0
DA:10,0
DA:12,1
DA:14,1
DA:16,0
DA:18,1
DA:21,1
DA:24,0
DA:27,1
DA:29,1
LF:13
LH:6
end_of_record
SF:lib\features\cataas\presentation\atomic\atoms\app_bar_icon_atom\app_bar_icon_atom.dart
DA:6,2
DA:10,2
DA:12,0
DA:14,0
DA:15,0
DA:16,0
LF:6
LH:2
end_of_record
SF:lib\features\cataas\presentation\atomic\atoms\app_bar_icon_atom\app_bar_tweeter_icon_atom.dart
DA:9,1
DA:12,1
DA:17,1
DA:18,2
LF:4
LH:4
end_of_record
SF:lib\features\cataas\presentation\atomic\atoms\cat_info_icon_atom\cat_info_save_cat_icon_atom.dart
DA:13,1
DA:19,1
DA:22,1
DA:23,1
DA:27,1
DA:33,2
DA:34,1
DA:35,2
DA:36,1
DA:38,2
DA:39,1
DA:42,1
DA:43,1
LF:13
LH:13
end_of_record
SF:lib\features\cataas\presentation\atomic\atoms\cat_toast_atom\cat_toast_failure_atom.dart
DA:6,2
DA:9,2
LF:2
LH:2
end_of_record
SF:lib\features\cataas\presentation\atomic\atoms\cat_toast_atom\cat_toast_sucess_atom.dart
DA:6,1
DA:9,1
LF:2
LH:2
end_of_record
SF:lib\features\cataas\presentation\atomic\atoms\cat_info_icon_atom\cat_info_icon_atom.dart
DA:7,2
DA:12,2
DA:14,0
DA:16,0
DA:17,0
DA:18,0
DA:20,0
DA:21,0
DA:22,0
DA:25,0
DA:26,0
LF:11
LH:2
end_of_record
SF:lib\features\cataas\presentation\atomic\atoms\cat_info_icon_atom\cat_info_share_cat_icon_atom.dart
DA:12,1
DA:18,1
DA:21,1
DA:22,1
DA:25,1
DA:31,2
DA:32,1
DA:33,1
DA:34,1
DA:35,1
DA:36,1
DA:38,1
DA:40,1
LF:13
LH:13
end_of_record
SF:lib\features\cataas\presentation\cubits\cat_cubit.dart
DA:16,1
DA:21,1
DA:26,0
DA:27,0
DA:30,1
DA:31,3
DA:32,1
DA:33,2
DA:37,2
DA:38,2
DA:41,1
DA:42,3
DA:43,1
DA:44,2
DA:45,2
DA:46,2
DA:48,2
DA:49,2
DA:52,1
DA:53,3
DA:54,1
DA:56,2
DA:57,2
DA:58,2
DA:60,2
DA:61,2
DA:64,0
DA:65,0
DA:68,0
DA:69,0
DA:72,1
DA:73,1
DA:74,3
DA:78,3
LF:34
LH:28
end_of_record
SF:lib\features\cataas\presentation\cubits\cat_state.dart
DA:7,3
DA:13,3
DA:15,1
DA:16,1
DA:17,1
DA:18,1
DA:19,1
DA:22,1
DA:27,1
DA:28,0
DA:29,1
DA:30,1
DA:38,0
DA:39,0
DA:40,2
DA:41,0
LF:16
LH:12
end_of_record
